# JRE version: OpenJDK Runtime Environment (8.0_202-b03) (build 1.8.0_202-release-1483-b03)
# Java VM: OpenJDK 64-Bit Server VM (25.202-b03 mixed mode windows-amd64 compressed oops)
Heap:
 PSYoungGen      total 373248K, used 78232K [0x00000000e0000000, 0x00000000ffc80000, 0x0000000100000000)
  eden space 231936K, 30% used [0x00000000e0000000,0x00000000e44c6af0,0x00000000ee280000)
  from space 141312K, 5% used [0x00000000ee280000,0x00000000eea1f600,0x00000000f6c80000)
  to   space 138752K, 0% used [0x00000000f7500000,0x00000000f7500000,0x00000000ffc80000)
 ParOldGen       total 762880K, used 550083K [0x00000000a0000000, 0x00000000ce900000, 0x00000000e0000000)
  object space 762880K, 72% used [0x00000000a0000000,0x00000000c1930cb0,0x00000000ce900000)
 Metaspace       used 121418K, capacity 132322K, committed 132776K, reserved 1165312K
  class space    used 15055K, capacity 17126K, committed 17328K, reserved 1048576K
GC Heap History (10 events):
Event: 31839.347 GC heap before
{Heap before GC invocations=327 (full 16):
 PSYoungGen      total 346624K, used 262893K [0x00000000e0000000, 0x0000000100000000, 0x0000000100000000)
  eden space 216064K, 100% used [0x00000000e0000000,0x00000000ed300000,0x00000000ed300000)
  from space 130560K, 35% used [0x00000000f8080000,0x00000000fae3b760,0x0000000100000000)
  to   space 154112K, 0% used [0x00000000ed300000,0x00000000ed300000,0x00000000f6980000)
 ParOldGen       total 762880K, used 537790K [0x00000000a0000000, 0x00000000ce900000, 0x00000000e0000000)
  object space 762880K, 70% used [0x00000000a0000000,0x00000000c0d2f970,0x00000000ce900000)
 Metaspace       used 120922K, capacity 131712K, committed 132520K, reserved 1165312K
  class space    used 14988K, capacity 17068K, committed 17328K, reserved 1048576K
Event: 31839.380 GC heap after
Heap after GC invocations=327 (full 16):
 PSYoungGen      total 370176K, used 3282K [0x00000000e0000000, 0x0000000100000000, 0x0000000100000000)
  eden space 216064K, 0% used [0x00000000e0000000,0x00000000e0000000,0x00000000ed300000)
  from space 154112K, 2% used [0x00000000ed300000,0x00000000ed634b88,0x00000000f6980000)
  to   space 150016K, 0% used [0x00000000f6d80000,0x00000000f6d80000,0x0000000100000000)
 ParOldGen       total 762880K, used 543438K [0x00000000a0000000, 0x00000000ce900000, 0x00000000e0000000)
  object space 762880K, 71% used [0x00000000a0000000,0x00000000c12b3b38,0x00000000ce900000)
 Metaspace       used 120922K, capacity 131712K, committed 132520K, reserved 1165312K
  class space    used 14988K, capacity 17068K, committed 17328K, reserved 1048576K
}
Event: 31840.906 GC heap before
{Heap before GC invocations=328 (full 16):
 PSYoungGen      total 370176K, used 219346K [0x00000000e0000000, 0x0000000100000000, 0x0000000100000000)
  eden space 216064K, 100% used [0x00000000e0000000,0x00000000ed300000,0x00000000ed300000)
  from space 154112K, 2% used [0x00000000ed300000,0x00000000ed634b88,0x00000000f6980000)
  to   space 150016K, 0% used [0x00000000f6d80000,0x00000000f6d80000,0x0000000100000000)
 ParOldGen       total 762880K, used 543438K [0x00000000a0000000, 0x00000000ce900000, 0x00000000e0000000)
  object space 762880K, 71% used [0x00000000a0000000,0x00000000c12b3b38,0x00000000ce900000)
 Metaspace       used 120943K, capacity 131744K, committed 132520K, reserved 1165312K
  class space    used 14990K, capacity 17072K, committed 17328K, reserved 1048576K
Event: 31840.927 GC heap after
Heap after GC invocations=328 (full 16):
 PSYoungGen      total 351744K, used 51031K [0x00000000e0000000, 0x00000000fee00000, 0x0000000100000000)
  eden space 220160K, 0% used [0x00000000e0000000,0x00000000e0000000,0x00000000ed700000)
  from space 131584K, 38% used [0x00000000f6d80000,0x00000000f9f55cd0,0x00000000fee00000)
  to   space 142848K, 0% used [0x00000000ed700000,0x00000000ed700000,0x00000000f6280000)
 ParOldGen       total 762880K, used 545944K [0x00000000a0000000, 0x00000000ce900000, 0x00000000e0000000)
  object space 762880K, 71% used [0x00000000a0000000,0x00000000c1526220,0x00000000ce900000)
 Metaspace       used 120943K, capacity 131744K, committed 132520K, reserved 1165312K
  class space    used 14990K, capacity 17072K, committed 17328K, reserved 1048576K
}
Event: 31843.306 GC heap before
{Heap before GC invocations=329 (full 16):
 PSYoungGen      total 351744K, used 271191K [0x00000000e0000000, 0x00000000fee00000, 0x0000000100000000)
  eden space 220160K, 100% used [0x00000000e0000000,0x00000000ed700000,0x00000000ed700000)
  from space 131584K, 38% used [0x00000000f6d80000,0x00000000f9f55cd0,0x00000000fee00000)
  to   space 142848K, 0% used [0x00000000ed700000,0x00000000ed700000,0x00000000f6280000)
 ParOldGen       total 762880K, used 545944K [0x00000000a0000000, 0x00000000ce900000, 0x00000000e0000000)
  object space 762880K, 71% used [0x00000000a0000000,0x00000000c1526220,0x00000000ce900000)
 Metaspace       used 120950K, capacity 131752K, committed 132520K, reserved 1165312K
  class space    used 14991K, capacity 17072K, committed 17328K, reserved 1048576K
Event: 31843.331 GC heap after
Heap after GC invocations=329 (full 16):
 PSYoungGen      total 363008K, used 87260K [0x00000000e0000000, 0x0000000100000000, 0x0000000100000000)
  eden space 220160K, 0% used [0x00000000e0000000,0x00000000e0000000,0x00000000ed700000)
  from space 142848K, 61% used [0x00000000ed700000,0x00000000f2c37248,0x00000000f6280000)
  to   space 149504K, 0% used [0x00000000f6e00000,0x00000000f6e00000,0x0000000100000000)
 ParOldGen       total 762880K, used 550083K [0x00000000a0000000, 0x00000000ce900000, 0x00000000e0000000)
  object space 762880K, 72% used [0x00000000a0000000,0x00000000c1930cb0,0x00000000ce900000)
 Metaspace       used 120950K, capacity 131752K, committed 132520K, reserved 1165312K
  class space    used 14991K, capacity 17072K, committed 17328K, reserved 1048576K
}
Event: 31845.295 GC heap before
{Heap before GC invocations=330 (full 16):
 PSYoungGen      total 363008K, used 306601K [0x00000000e0000000, 0x0000000100000000, 0x0000000100000000)
  eden space 220160K, 99% used [0x00000000e0000000,0x00000000ed633260,0x00000000ed700000)
  from space 142848K, 61% used [0x00000000ed700000,0x00000000f2c37248,0x00000000f6280000)
  to   space 149504K, 0% used [0x00000000f6e00000,0x00000000f6e00000,0x0000000100000000)
 ParOldGen       total 762880K, used 550083K [0x00000000a0000000, 0x00000000ce900000, 0x00000000e0000000)
  object space 762880K, 72% used [0x00000000a0000000,0x00000000c1930cb0,0x00000000ce900000)
 Metaspace       used 120958K, capacity 131752K, committed 132520K, reserved 1165312K
  class space    used 14991K, capacity 17072K, committed 17328K, reserved 1048576K
Event: 31845.321 GC heap after
Heap after GC invocations=330 (full 16):
 PSYoungGen      total 371712K, used 52241K [0x00000000e0000000, 0x00000000ff680000, 0x0000000100000000)
  eden space 231936K, 0% used [0x00000000e0000000,0x00000000e0000000,0x00000000ee280000)
  from space 139776K, 37% used [0x00000000f6e00000,0x00000000fa104780,0x00000000ff680000)
  to   space 141312K, 0% used [0x00000000ee280000,0x00000000ee280000,0x00000000f6c80000)
 ParOldGen       total 762880K, used 550083K [0x00000000a0000000, 0x00000000ce900000, 0x00000000e0000000)
  object space 762880K, 72% used [0x00000000a0000000,0x00000000c1930cb0,0x00000000ce900000)
 Metaspace       used 120958K, capacity 131752K, committed 132520K, reserved 1165312K
  class space    used 14991K, capacity 17072K, committed 17328K, reserved 1048576K
}
Event: 31863.250 GC heap before
{Heap before GC invocations=331 (full 16):
 PSYoungGen      total 371712K, used 284177K [0x00000000e0000000, 0x00000000ff680000, 0x0000000100000000)
  eden space 231936K, 100% used [0x00000000e0000000,0x00000000ee280000,0x00000000ee280000)
  from space 139776K, 37% used [0x00000000f6e00000,0x00000000fa104780,0x00000000ff680000)
  to   space 141312K, 0% used [0x00000000ee280000,0x00000000ee280000,0x00000000f6c80000)
 ParOldGen       total 762880K, used 550083K [0x00000000a0000000, 0x00000000ce900000, 0x00000000e0000000)
  object space 762880K, 72% used [0x00000000a0000000,0x00000000c1930cb0,0x00000000ce900000)
 Metaspace       used 120964K, capacity 131758K, committed 132520K, reserved 1165312K
  class space    used 14991K, capacity 17073K, committed 17328K, reserved 1048576K
Event: 31863.269 GC heap after
Heap after GC invocations=331 (full 16):
 PSYoungGen      total 373248K, used 7805K [0x00000000e0000000, 0x00000000ffc80000, 0x0000000100000000)
  eden space 231936K, 0% used [0x00000000e0000000,0x00000000e0000000,0x00000000ee280000)
  from space 141312K, 5% used [0x00000000ee280000,0x00000000eea1f600,0x00000000f6c80000)
  to   space 138752K, 0% used [0x00000000f7500000,0x00000000f7500000,0x00000000ffc80000)
 ParOldGen       total 762880K, used 550083K [0x00000000a0000000, 0x00000000ce900000, 0x00000000e0000000)
  object space 762880K, 72% used [0x00000000a0000000,0x00000000c1930cb0,0x00000000ce900000)
 Metaspace       used 120964K, capacity 131758K, committed 132520K, reserved 1165312K
  class space    used 14991K, capacity 17073K, committed 17328K, reserved 1048576K
}

